1531392288243	geckodriver	INFO	geckodriver 0.21.0
1531392288338	geckodriver	INFO	Listening on 127.0.0.1:34410
1531392289276	mozrunner::runner	INFO	Running command: "/usr/bin/firefox" "-marionette" "-foreground" "-no-remote" "-profile" "/tmp/rust_mozprofile.Nfg2muWbUoKJ"
1531392290802	addons.xpi-utils	WARN	Add-on langpack-en-ZA@firefox.mozilla.org is not correctly signed.
1531392290803	addons.xpi-utils	WARN	Add-on langpack-en-ZA@firefox.mozilla.org is not correctly signed.
1531392290803	addons.xpi-utils	WARN	addMetadata: Add-on langpack-en-ZA@firefox.mozilla.org is invalid: Error: Extension langpack-en-ZA@firefox.mozilla.org is not correctly signed (resource://gre/modules/addons/XPIDatabase.jsm:2395:17) JS Stack trace: addMetadata@XPIDatabase.jsm:2395:17
processFileChanges@XPIDatabase.jsm:2727:21
checkForChanges@XPIProvider.jsm:2535:34
startup@XPIProvider.jsm:2116:25
callProvider@AddonManager.jsm:206:12
_startProvider@AddonManager.jsm:654:5
startup@AddonManager.jsm:813:9
startup@AddonManager.jsm:2808:5
observe@addonManager.js:66:9
1531392290804	addons.xpi-utils	WARN	Could not uninstall invalid item from locked install location
1531392290871	addons.xpi-utils	WARN	Add-on langpack-en-CA@firefox.mozilla.org is not correctly signed.
1531392290871	addons.xpi-utils	WARN	Add-on langpack-en-CA@firefox.mozilla.org is not correctly signed.
1531392290872	addons.xpi-utils	WARN	addMetadata: Add-on langpack-en-CA@firefox.mozilla.org is invalid: Error: Extension langpack-en-CA@firefox.mozilla.org is not correctly signed (resource://gre/modules/addons/XPIDatabase.jsm:2395:17) JS Stack trace: addMetadata@XPIDatabase.jsm:2395:17
processFileChanges@XPIDatabase.jsm:2727:21
checkForChanges@XPIProvider.jsm:2535:34
startup@XPIProvider.jsm:2116:25
callProvider@AddonManager.jsm:206:12
_startProvider@AddonManager.jsm:654:5
startup@AddonManager.jsm:813:9
startup@AddonManager.jsm:2808:5
observe@addonManager.js:66:9
1531392290873	addons.xpi-utils	WARN	Could not uninstall invalid item from locked install location
1531392290884	addons.xpi-utils	WARN	Add-on langpack-en-GB@firefox.mozilla.org is not correctly signed.
1531392290884	addons.xpi-utils	WARN	Add-on langpack-en-GB@firefox.mozilla.org is not correctly signed.
1531392290885	addons.xpi-utils	WARN	addMetadata: Add-on langpack-en-GB@firefox.mozilla.org is invalid: Error: Extension langpack-en-GB@firefox.mozilla.org is not correctly signed (resource://gre/modules/addons/XPIDatabase.jsm:2395:17) JS Stack trace: addMetadata@XPIDatabase.jsm:2395:17
processFileChanges@XPIDatabase.jsm:2727:21
checkForChanges@XPIProvider.jsm:2535:34
startup@XPIProvider.jsm:2116:25
callProvider@AddonManager.jsm:206:12
_startProvider@AddonManager.jsm:654:5
startup@AddonManager.jsm:813:9
startup@AddonManager.jsm:2808:5
observe@addonManager.js:66:9
1531392290885	addons.xpi-utils	WARN	Could not uninstall invalid item from locked install location
JavaScript error: resource://gre/modules/addons/XPIProvider.jsm, line 2579: TypeError: addon is null
1531392293107	Marionette	INFO	Listening on port 42434
1531392293221	Marionette	WARN	TLS certificate errors will be ignored for this session
1531392293278	Marionette	DEBUG	[2147483649] Frame script loaded
1531392293287	Marionette	DEBUG	[2147483649] Frame script registered
1531392293374	Marionette	DEBUG	[2147483649] Received DOM event beforeunload for about:blank
1531392293642	Marionette	DEBUG	[2147483649] Received DOM event pagehide for about:blank
1531392295654	Marionette	DEBUG	[2147483649] Received DOM event DOMContentLoaded for http://www.satflare.com/track.asp?q=41732
1531392300627	Marionette	DEBUG	[2147483649] Received observer notification outer-window-destroyed for 2147483719
1531392300800	Marionette	DEBUG	[2147483649] Received observer notification outer-window-destroyed for 2147483724
1531392301446	Marionette	DEBUG	[2147483649] Received DOM event pageshow for http://www.satflare.com/track.asp?q=41732
JavaScript warning: http://www.satflare.com/events.js, line 11: unreachable code after return statement
JavaScript warning: http://www.satflare.com/events.js, line 15: unreachable code after return statement
JavaScript warning: http://www.satflare.com/events.js, line 31: unreachable code after return statement
JavaScript warning: http://www.satflare.com/events.js, line 100: unreachable code after return statement
JavaScript warning: http://www.satflare.com/orbits.js, line 40: unreachable code after return statement
JavaScript warning: http://www.satflare.com/orbits.js, line 49: unreachable code after return statement
JavaScript warning: http://www.satflare.com/orbits.js, line 40: unreachable code after return statement
JavaScript warning: http://www.satflare.com/orbits.js, line 49: unreachable code after return statement
JavaScript warning: http://www.satflare.com/events.js, line 11: unreachable code after return statement
1531392305588	Marionette	DEBUG	[2147483649] Canceled page load listener because no navigation has been detected
1531392305976	Marionette	DEBUG	[2147483649] Canceled page load listener because no navigation has been detected

(/usr/lib/firefox/firefox:26322): Gdk-WARNING **: /usr/lib/firefox/firefox: Fatal IO error 11 (Resource temporarily unavailable) on X server :1001.


(/usr/lib/firefox/firefox:26266): Gdk-WARNING **: /usr/lib/firefox/firefox: Fatal IO error 11 (Resource temporarily unavailable) on X server :1001.

1531392415723	geckodriver	INFO	geckodriver 0.21.0
1531392415732	geckodriver	INFO	Listening on 127.0.0.1:51213
1531392416733	mozrunner::runner	INFO	Running command: "/usr/bin/firefox" "-marionette" "-foreground" "-no-remote" "-profile" "/tmp/rust_mozprofile.4oDmvqcJvtgW"
1531392417869	addons.xpi-utils	WARN	Add-on langpack-en-ZA@firefox.mozilla.org is not correctly signed.
1531392417870	addons.xpi-utils	WARN	Add-on langpack-en-ZA@firefox.mozilla.org is not correctly signed.
1531392417870	addons.xpi-utils	WARN	addMetadata: Add-on langpack-en-ZA@firefox.mozilla.org is invalid: Error: Extension langpack-en-ZA@firefox.mozilla.org is not correctly signed (resource://gre/modules/addons/XPIDatabase.jsm:2395:17) JS Stack trace: addMetadata@XPIDatabase.jsm:2395:17
processFileChanges@XPIDatabase.jsm:2727:21
checkForChanges@XPIProvider.jsm:2535:34
startup@XPIProvider.jsm:2116:25
callProvider@AddonManager.jsm:206:12
_startProvider@AddonManager.jsm:654:5
startup@AddonManager.jsm:813:9
startup@AddonManager.jsm:2808:5
observe@addonManager.js:66:9
1531392417871	addons.xpi-utils	WARN	Could not uninstall invalid item from locked install location
1531392417886	addons.xpi-utils	WARN	Add-on langpack-en-CA@firefox.mozilla.org is not correctly signed.
1531392417886	addons.xpi-utils	WARN	Add-on langpack-en-CA@firefox.mozilla.org is not correctly signed.
1531392417887	addons.xpi-utils	WARN	addMetadata: Add-on langpack-en-CA@firefox.mozilla.org is invalid: Error: Extension langpack-en-CA@firefox.mozilla.org is not correctly signed (resource://gre/modules/addons/XPIDatabase.jsm:2395:17) JS Stack trace: addMetadata@XPIDatabase.jsm:2395:17
processFileChanges@XPIDatabase.jsm:2727:21
checkForChanges@XPIProvider.jsm:2535:34
startup@XPIProvider.jsm:2116:25
callProvider@AddonManager.jsm:206:12
_startProvider@AddonManager.jsm:654:5
startup@AddonManager.jsm:813:9
startup@AddonManager.jsm:2808:5
observe@addonManager.js:66:9
1531392417888	addons.xpi-utils	WARN	Could not uninstall invalid item from locked install location
1531392417899	addons.xpi-utils	WARN	Add-on langpack-en-GB@firefox.mozilla.org is not correctly signed.
1531392417899	addons.xpi-utils	WARN	Add-on langpack-en-GB@firefox.mozilla.org is not correctly signed.
1531392417900	addons.xpi-utils	WARN	addMetadata: Add-on langpack-en-GB@firefox.mozilla.org is invalid: Error: Extension langpack-en-GB@firefox.mozilla.org is not correctly signed (resource://gre/modules/addons/XPIDatabase.jsm:2395:17) JS Stack trace: addMetadata@XPIDatabase.jsm:2395:17
processFileChanges@XPIDatabase.jsm:2727:21
checkForChanges@XPIProvider.jsm:2535:34
startup@XPIProvider.jsm:2116:25
callProvider@AddonManager.jsm:206:12
_startProvider@AddonManager.jsm:654:5
startup@AddonManager.jsm:813:9
startup@AddonManager.jsm:2808:5
observe@addonManager.js:66:9
1531392417901	addons.xpi-utils	WARN	Could not uninstall invalid item from locked install location
JavaScript error: resource://gre/modules/addons/XPIProvider.jsm, line 2579: TypeError: addon is null
1531392419559	Marionette	INFO	Listening on port 39329
1531392419650	Marionette	WARN	TLS certificate errors will be ignored for this session
1531392419701	Marionette	DEBUG	[2147483649] Frame script loaded
1531392419702	Marionette	DEBUG	[2147483649] Frame script registered
1531392419717	Marionette	DEBUG	[2147483649] Received DOM event beforeunload for about:blank
1531392420115	Marionette	DEBUG	[2147483649] Received DOM event pagehide for about:blank
1531392422671	Marionette	DEBUG	[2147483649] Received DOM event DOMContentLoaded for http://www.satflare.com/track.asp?q=41732
1531392423882	Marionette	DEBUG	[2147483649] Received observer notification outer-window-destroyed for 2147483721
1531392425145	Marionette	DEBUG	[2147483649] Received observer notification outer-window-destroyed for 2147483727
1531392425716	Marionette	DEBUG	[2147483649] Received DOM event pageshow for http://www.satflare.com/track.asp?q=41732
JavaScript warning: http://www.satflare.com/events.js, line 11: unreachable code after return statement
JavaScript warning: http://www.satflare.com/events.js, line 15: unreachable code after return statement
JavaScript warning: http://www.satflare.com/events.js, line 31: unreachable code after return statement
JavaScript warning: http://www.satflare.com/events.js, line 100: unreachable code after return statement
JavaScript warning: http://www.satflare.com/orbits.js, line 40: unreachable code after return statement
JavaScript warning: http://www.satflare.com/orbits.js, line 49: unreachable code after return statement
JavaScript warning: http://www.satflare.com/orbits.js, line 40: unreachable code after return statement
JavaScript warning: http://www.satflare.com/orbits.js, line 49: unreachable code after return statement
JavaScript warning: http://www.satflare.com/events.js, line 11: unreachable code after return statement
1531392428209	Marionette	DEBUG	[2147483649] Canceled page load listener because no navigation has been detected
1531392428585	Marionette	DEBUG	[2147483649] Canceled page load listener because no navigation has been detected

(firefox:26459): Gdk-WARNING **: firefox: Fatal IO error 11 (Resource temporarily unavailable) on X server :1001.


(/usr/lib/firefox/firefox:26608): Gdk-WARNING **: /usr/lib/firefox/firefox: Fatal IO error 11 (Resource temporarily unavailable) on X server :1001.


(/usr/lib/firefox/firefox:26552): Gdk-WARNING **: /usr/lib/firefox/firefox: Fatal IO error 11 (Resource temporarily unavailable) on X server :1001.

1531392588953	geckodriver	INFO	geckodriver 0.21.0
1531392588960	geckodriver	INFO	Listening on 127.0.0.1:60759
1531392589962	mozrunner::runner	INFO	Running command: "/usr/bin/firefox" "-marionette" "-foreground" "-no-remote" "-profile" "/tmp/rust_mozprofile.EzSMb9iDLDZU"
1531392591067	addons.xpi-utils	WARN	Add-on langpack-en-ZA@firefox.mozilla.org is not correctly signed.
1531392591068	addons.xpi-utils	WARN	Add-on langpack-en-ZA@firefox.mozilla.org is not correctly signed.
1531392591068	addons.xpi-utils	WARN	addMetadata: Add-on langpack-en-ZA@firefox.mozilla.org is invalid: Error: Extension langpack-en-ZA@firefox.mozilla.org is not correctly signed (resource://gre/modules/addons/XPIDatabase.jsm:2395:17) JS Stack trace: addMetadata@XPIDatabase.jsm:2395:17
processFileChanges@XPIDatabase.jsm:2727:21
checkForChanges@XPIProvider.jsm:2535:34
startup@XPIProvider.jsm:2116:25
callProvider@AddonManager.jsm:206:12
_startProvider@AddonManager.jsm:654:5
startup@AddonManager.jsm:813:9
startup@AddonManager.jsm:2808:5
observe@addonManager.js:66:9
1531392591069	addons.xpi-utils	WARN	Could not uninstall invalid item from locked install location
1531392591082	addons.xpi-utils	WARN	Add-on langpack-en-CA@firefox.mozilla.org is not correctly signed.
1531392591082	addons.xpi-utils	WARN	Add-on langpack-en-CA@firefox.mozilla.org is not correctly signed.
1531392591083	addons.xpi-utils	WARN	addMetadata: Add-on langpack-en-CA@firefox.mozilla.org is invalid: Error: Extension langpack-en-CA@firefox.mozilla.org is not correctly signed (resource://gre/modules/addons/XPIDatabase.jsm:2395:17) JS Stack trace: addMetadata@XPIDatabase.jsm:2395:17
processFileChanges@XPIDatabase.jsm:2727:21
checkForChanges@XPIProvider.jsm:2535:34
startup@XPIProvider.jsm:2116:25
callProvider@AddonManager.jsm:206:12
_startProvider@AddonManager.jsm:654:5
startup@AddonManager.jsm:813:9
startup@AddonManager.jsm:2808:5
observe@addonManager.js:66:9
1531392591084	addons.xpi-utils	WARN	Could not uninstall invalid item from locked install location
1531392591096	addons.xpi-utils	WARN	Add-on langpack-en-GB@firefox.mozilla.org is not correctly signed.
1531392591096	addons.xpi-utils	WARN	Add-on langpack-en-GB@firefox.mozilla.org is not correctly signed.
1531392591097	addons.xpi-utils	WARN	addMetadata: Add-on langpack-en-GB@firefox.mozilla.org is invalid: Error: Extension langpack-en-GB@firefox.mozilla.org is not correctly signed (resource://gre/modules/addons/XPIDatabase.jsm:2395:17) JS Stack trace: addMetadata@XPIDatabase.jsm:2395:17
processFileChanges@XPIDatabase.jsm:2727:21
checkForChanges@XPIProvider.jsm:2535:34
startup@XPIProvider.jsm:2116:25
callProvider@AddonManager.jsm:206:12
_startProvider@AddonManager.jsm:654:5
startup@AddonManager.jsm:813:9
startup@AddonManager.jsm:2808:5
observe@addonManager.js:66:9
1531392591097	addons.xpi-utils	WARN	Could not uninstall invalid item from locked install location
JavaScript error: resource://gre/modules/addons/XPIProvider.jsm, line 2579: TypeError: addon is null
1531392592703	Marionette	INFO	Listening on port 36067
1531392592770	Marionette	WARN	TLS certificate errors will be ignored for this session
1531392592816	Marionette	DEBUG	[2147483649] Frame script loaded
1531392592827	Marionette	DEBUG	[2147483649] Frame script registered
1531392592860	Marionette	DEBUG	[2147483649] Received DOM event beforeunload for about:blank
1531392593124	Marionette	DEBUG	[2147483649] Received DOM event pagehide for about:blank
1531392595678	Marionette	DEBUG	[2147483649] Received DOM event DOMContentLoaded for http://www.satflare.com/track.asp?q=41732
1531392602170	Marionette	DEBUG	[2147483649] Received observer notification outer-window-destroyed for 2147483725
1531392605382	Marionette	DEBUG	[2147483649] Received DOM event pageshow for http://www.satflare.com/track.asp?q=41732
JavaScript warning: http://www.satflare.com/orbits.js, line 40: unreachable code after return statement
JavaScript warning: http://www.satflare.com/orbits.js, line 49: unreachable code after return statement
JavaScript warning: http://www.satflare.com/events.js, line 11: unreachable code after return statement
JavaScript warning: http://www.satflare.com/events.js, line 15: unreachable code after return statement
JavaScript warning: http://www.satflare.com/events.js, line 31: unreachable code after return statement
JavaScript warning: http://www.satflare.com/events.js, line 100: unreachable code after return statement
JavaScript warning: http://www.satflare.com/orbits.js, line 40: unreachable code after return statement
JavaScript warning: http://www.satflare.com/orbits.js, line 49: unreachable code after return statement
JavaScript warning: http://www.satflare.com/events.js, line 11: unreachable code after return statement
1531392607780	Marionette	DEBUG	[2147483649] Canceled page load listener because no navigation has been detected
1531392608212	Marionette	DEBUG	[2147483649] Canceled page load listener because no navigation has been detected

(/usr/lib/firefox/firefox:26865): Gdk-WARNING **: /usr/lib/firefox/firefox: Fatal IO error 11 (Resource temporarily unavailable) on X server :1001.


(/usr/lib/firefox/firefox:26808): Gdk-WARNING **: /usr/lib/firefox/firefox: Fatal IO error 11 (Resource temporarily unavailable) on X server :1001.

